[2026-07-22 21:52:39] lb_build 
[2026-07-22 21:52:39] lb_bootstrap 
P: Setting up cleanup function
[2026-07-22 21:52:39] lb_bootstrap_cache restore
P: Restoring bootstrap stage from cache...
[2026-07-22 21:52:40] lb_bootstrap_copy 
[2026-07-22 21:52:41] lb_bootstrap_cdebootstrap 
[2026-07-22 21:52:41] lb_bootstrap_debootstrap 
P: Begin bootstrapping system...
[2026-07-22 21:52:41] lb_testroot 
W: skipping bootstrap, already done
[2026-07-22 21:52:41] lb_bootstrap_cache save
P: Saving bootstrap stage to cache...
W: skipping bootstrap_cache.save, already done
P: Begin unmounting filesystems...
P: Saving caches...
Reading package lists...
Building dependency tree...
[2026-07-22 21:52:41] lb_chroot 
P: Setting up cleanup function
[2026-07-22 21:52:42] lb_chroot_cache restore
[2026-07-22 21:52:42] lb_chroot_devpts install
[2026-07-22 21:52:42] lb_testroot 
P: Begin mounting /dev/pts...
[2026-07-22 21:52:42] lb_chroot_proc install
[2026-07-22 21:52:42] lb_testroot 
P: Begin mounting /proc...
[2026-07-22 21:52:42] lb_chroot_selinuxfs install
[2026-07-22 21:52:42] lb_testroot 
[2026-07-22 21:52:42] lb_chroot_sysfs install
[2026-07-22 21:52:42] lb_testroot 
P: Begin mounting /sys...
[2026-07-22 21:52:42] lb_chroot_debianchroot install
P: Configuring file /etc/debian_chroot
W: skipping chroot_debianchroot, already done
[2026-07-22 21:52:42] lb_chroot_dpkg install
P: Configuring file /sbin/start-stop-daemon
W: skipping chroot_dpkg, already done
[2026-07-22 21:52:43] lb_chroot_tmpfs install
[2026-07-22 21:52:43] lb_chroot_sysv-rc install
P: Configuring file /usr/sbin/policy-rc.d
W: skipping chroot_sysv-rc, already done
[2026-07-22 21:52:43] lb_chroot_upstart install
P: Configuring file /sbin/initctl
W: skipping chroot_upstart, already done
[2026-07-22 21:52:43] lb_chroot_hosts install
P: Configuring file /etc/hosts
W: skipping chroot_hosts, already done
[2026-07-22 21:52:43] lb_chroot_resolv install
P: Configuring file /etc/resolv.conf
W: skipping chroot_resolv, already done
[2026-07-22 21:52:43] lb_chroot_hostname install
W: skipping chroot_hostname, already done
[2026-07-22 21:52:43] lb_chroot_apt install
P: Configuring file /etc/apt/apt.conf
W: skipping chroot_apt, already done
[2026-07-22 21:52:43] lb_chroot_archives chroot install
P: Configuring file /etc/apt/sources.list
W: skipping chroot_archives, already done
[2026-07-22 21:52:43] lb_chroot_linux-image 
W: skipping chroot_linux-image, already done
[2026-07-22 21:52:43] lb_chroot_preseed 
P: Begin executing local preseeds...
[2026-07-22 21:52:43] lb_chroot_early_hooks 
P: Begin executing early chroot hooks...
[2026-07-22 21:52:43] lb_chroot_package-lists install
P: Begin queueing installation of package lists (install pass)...
W: skipping chroot_package-lists.install, already done
[2026-07-22 21:52:44] lb_chroot_install-packages install
P: Begin installing packages (install pass)...
Reading package lists...
Building dependency tree...
0 upgraded, 0 newly installed, 0 to remove and 0 not upgraded.
[2026-07-22 21:52:44] lb_chroot_package-lists live
P: Begin queueing installation of package lists (live pass)...
W: skipping chroot_package-lists.live, already done
[2026-07-22 21:52:44] lb_chroot_install-packages live
P: Begin installing packages (live pass)...
[2026-07-22 21:52:44] lb_chroot_live-packages 
W: skipping chroot_live-packages, already done
[2026-07-22 21:52:44] lb_chroot_includes 
P: Begin copying chroot includes...
P: Creating a tarball with files from includes.chroot...
P: Extracting the tarball in the chroot...
./
./etc/
./etc/systemd/
./etc/systemd/system/
./etc/systemd/system/getty@tty1.service.d/
./etc/systemd/system/getty@tty1.service.d/autologin.conf
./etc/sudoers.d/
./etc/sudoers.d/xodex
./etc/hosts
./etc/hostname
./etc/profile.d/
./etc/profile.d/xodex.sh
./usr/
./usr/local/
./usr/local/xodex/
./usr/local/xodex/docs/
./usr/local/xodex/docs/sql/
./usr/local/xodex/docs/sql/ru/
./usr/local/xodex/docs/sql/ru/05-aggregate.md
./usr/local/xodex/docs/sql/ru/04-joins.md
./usr/local/xodex/docs/sql/ru/06-indexes.md
./usr/local/xodex/docs/sql/ru/03-types-constraints.md
./usr/local/xodex/docs/sql/ru/README.md
./usr/local/xodex/docs/sql/ru/07-normalization.md
./usr/local/xodex/docs/sql/ru/02-insert-update.md
./usr/local/xodex/docs/sql/ru/links.json
./usr/local/xodex/docs/sql/ru/00-why-sql.md
./usr/local/xodex/docs/sql/ru/10-data-literacy.md
./usr/local/xodex/docs/sql/ru/09-app-sqlite.md
./usr/local/xodex/docs/sql/ru/01-select.md
./usr/local/xodex/docs/sql/ru/08-views-subqueries.md
./usr/local/xodex/docs/sql/en/
./usr/local/xodex/docs/sql/en/05-aggregate.md
./usr/local/xodex/docs/sql/en/04-joins.md
./usr/local/xodex/docs/sql/en/06-indexes.md
./usr/local/xodex/docs/sql/en/03-types-constraints.md
./usr/local/xodex/docs/sql/en/README.md
./usr/local/xodex/docs/sql/en/07-normalization.md
./usr/local/xodex/docs/sql/en/02-insert-update.md
./usr/local/xodex/docs/sql/en/links.json
./usr/local/xodex/docs/sql/en/00-why-sql.md
./usr/local/xodex/docs/sql/en/10-data-literacy.md
./usr/local/xodex/docs/sql/en/09-app-sqlite.md
./usr/local/xodex/docs/sql/en/01-select.md
./usr/local/xodex/docs/sql/en/08-views-subqueries.md
./usr/local/xodex/docs/linux/
./usr/local/xodex/docs/linux/ru/
./usr/local/xodex/docs/linux/ru/07-networking.md
./usr/local/xodex/docs/linux/ru/05-permissions-links.md
./usr/local/xodex/docs/linux/ru/00-shell-survival.md
./usr/local/xodex/docs/linux/ru/README.md
./usr/local/xodex/docs/linux/ru/10-systems-thinking.md
./usr/local/xodex/docs/linux/ru/08-systemd.md
./usr/local/xodex/docs/linux/ru/04-pipes-text.md
./usr/local/xodex/docs/linux/ru/01-filesystem.md
./usr/local/xodex/docs/linux/ru/06-packages.md
./usr/local/xodex/docs/linux/ru/02-users-sudo.md
./usr/local/xodex/docs/linux/ru/09-shell-scripting.md
./usr/local/xodex/docs/linux/ru/links.json
./usr/local/xodex/docs/linux/ru/03-processes.md
./usr/local/xodex/docs/linux/en/
./usr/local/xodex/docs/linux/en/07-networking.md
./usr/local/xodex/docs/linux/en/05-permissions-links.md
./usr/local/xodex/docs/linux/en/00-shell-survival.md
./usr/local/xodex/docs/linux/en/README.md
./usr/local/xodex/docs/linux/en/10-systems-thinking.md
./usr/local/xodex/docs/linux/en/08-systemd.md
./usr/local/xodex/docs/linux/en/04-pipes-text.md
./usr/local/xodex/docs/linux/en/01-filesystem.md
./usr/local/xodex/docs/linux/en/06-packages.md
./usr/local/xodex/docs/linux/en/02-users-sudo.md
./usr/local/xodex/docs/linux/en/09-shell-scripting.md
./usr/local/xodex/docs/linux/en/links.json
./usr/local/xodex/docs/linux/en/03-processes.md
./usr/local/xodex/docs/README.md
./usr/local/xodex/docs/python/
./usr/local/xodex/docs/python/ru/
./usr/local/xodex/docs/python/ru/10-projects.md
./usr/local/xodex/docs/python/ru/03-functions.md
./usr/local/xodex/docs/python/ru/06-errors-files.md
./usr/local/xodex/docs/python/ru/09-stdlib-cli.md
./usr/local/xodex/docs/python/ru/README.md
./usr/local/xodex/docs/python/ru/01-types-ops.md
./usr/local/xodex/docs/python/ru/02-control-collections.md
./usr/local/xodex/docs/python/ru/05-oop.md
./usr/local/xodex/docs/python/ru/08-testing.md
./usr/local/xodex/docs/python/ru/00-hello-repl.md
./usr/local/xodex/docs/python/ru/04-modules-venv.md
./usr/local/xodex/docs/python/ru/links.json
./usr/local/xodex/docs/python/ru/07-iterators.md
./usr/local/xodex/docs/python/en/
./usr/local/xodex/docs/python/en/10-projects.md
./usr/local/xodex/docs/python/en/03-functions.md
./usr/local/xodex/docs/python/en/06-errors-files.md
./usr/local/xodex/docs/python/en/09-stdlib-cli.md
./usr/local/xodex/docs/python/en/README.md
./usr/local/xodex/docs/python/en/01-types-ops.md
./usr/local/xodex/docs/python/en/02-control-collections.md
./usr/local/xodex/docs/python/en/05-oop.md
./usr/local/xodex/docs/python/en/08-testing.md
./usr/local/xodex/docs/python/en/00-hello-repl.md
./usr/local/xodex/docs/python/en/04-modules-venv.md
./usr/local/xodex/docs/python/en/links.json
./usr/local/xodex/docs/python/en/07-iterators.md
./usr/local/xodex/docs/README.ru.md
./usr/local/xodex/docs/rust/
./usr/local/xodex/docs/rust/ru/
./usr/local/xodex/docs/rust/ru/02-borrowing.md
./usr/local/xodex/docs/rust/ru/06-traits.md
./usr/local/xodex/docs/rust/ru/01-ownership.md
./usr/local/xodex/docs/rust/ru/05-collections.md
./usr/local/xodex/docs/rust/ru/README.md
./usr/local/xodex/docs/rust/ru/04-error-handling.md
./usr/local/xodex/docs/rust/ru/00-hello-cargo.md
./usr/local/xodex/docs/rust/ru/03-types-match.md
./usr/local/xodex/docs/rust/ru/07-modules.md
./usr/local/xodex/docs/rust/ru/10-systems-rust.md
./usr/local/xodex/docs/rust/ru/08-testing.md
./usr/local/xodex/docs/rust/ru/09-unsafe-ffi-sketch.md
./usr/local/xodex/docs/rust/ru/links.json
./usr/local/xodex/docs/rust/en/
./usr/local/xodex/docs/rust/en/02-borrowing.md
./usr/local/xodex/docs/rust/en/06-traits.md
./usr/local/xodex/docs/rust/en/01-ownership.md
./usr/local/xodex/docs/rust/en/05-collections.md
./usr/local/xodex/docs/rust/en/README.md
./usr/local/xodex/docs/rust/en/04-error-handling.md
./usr/local/xodex/docs/rust/en/00-hello-cargo.md
./usr/local/xodex/docs/rust/en/03-types-match.md
./usr/local/xodex/docs/rust/en/07-modules.md
./usr/local/xodex/docs/rust/en/10-systems-rust.md
./usr/local/xodex/docs/rust/en/08-testing.md
./usr/local/xodex/docs/rust/en/09-unsafe-ffi-sketch.md
./usr/local/xodex/docs/rust/en/links.json
./usr/local/xodex/docs/c/
./usr/local/xodex/docs/c/ru/
./usr/local/xodex/docs/c/ru/10-systems-c.md
./usr/local/xodex/docs/c/ru/00-hello-world.md
./usr/local/xodex/docs/c/ru/03-functions.md
./usr/local/xodex/docs/c/ru/README.md
./usr/local/xodex/docs/c/ru/02-control-flow.md
./usr/local/xodex/docs/c/ru/04-pointers.md
./usr/local/xodex/docs/c/ru/05-arrays-strings.md
./usr/local/xodex/docs/c/ru/08-files-io.md
./usr/local/xodex/docs/c/ru/06-memory.md
./usr/local/xodex/docs/c/ru/01-variables-types.md
./usr/local/xodex/docs/c/ru/07-structs.md
./usr/local/xodex/docs/c/ru/links.json
./usr/local/xodex/docs/c/ru/09-preprocessor-make.md
./usr/local/xodex/docs/c/en/
./usr/local/xodex/docs/c/en/10-systems-c.md
./usr/local/xodex/docs/c/en/00-hello-world.md
./usr/local/xodex/docs/c/en/03-functions.md
./usr/local/xodex/docs/c/en/README.md
./usr/local/xodex/docs/c/en/02-control-flow.md
./usr/local/xodex/docs/c/en/04-pointers.md
./usr/local/xodex/docs/c/en/05-arrays-strings.md
./usr/local/xodex/docs/c/en/08-files-io.md
./usr/local/xodex/docs/c/en/06-memory.md
./usr/local/xodex/docs/c/en/01-variables-types.md
./usr/local/xodex/docs/c/en/07-structs.md
./usr/local/xodex/docs/c/en/links.json
./usr/local/xodex/docs/c/en/09-preprocessor-make.md
./usr/local/xodex/courses/
./usr/local/xodex/courses/sql/
./usr/local/xodex/courses/sql/level-03/
./usr/local/xodex/courses/sql/level-03/test.sh
./usr/local/xodex/courses/sql/level-03/README.md
./usr/local/xodex/courses/sql/level-02/
./usr/local/xodex/courses/sql/level-02/test.sh
./usr/local/xodex/courses/sql/level-02/README.md
./usr/local/xodex/courses/sql/level-00/
./usr/local/xodex/courses/sql/level-00/test.sh
./usr/local/xodex/courses/sql/level-00/README.md
./usr/local/xodex/courses/sql/level-00/solution.sql
./usr/local/xodex/courses/sql/level-01/
./usr/local/xodex/courses/sql/level-01/test.sh
./usr/local/xodex/courses/sql/level-01/README.md
./usr/local/xodex/courses/sql/level-09/
./usr/local/xodex/courses/sql/level-09/test.sh
./usr/local/xodex/courses/sql/level-09/README.md
./usr/local/xodex/courses/sql/level-04/
./usr/local/xodex/courses/sql/level-04/test.sh
./usr/local/xodex/courses/sql/level-04/README.md
./usr/local/xodex/courses/sql/level-10/
./usr/local/xodex/courses/sql/level-10/test.sh
./usr/local/xodex/courses/sql/level-10/README.md
./usr/local/xodex/courses/sql/level-08/
./usr/local/xodex/courses/sql/level-08/test.sh
./usr/local/xodex/courses/sql/level-08/README.md
./usr/local/xodex/courses/sql/level-06/
./usr/local/xodex/courses/sql/level-06/test.sh
./usr/local/xodex/courses/sql/level-06/README.md
./usr/local/xodex/courses/sql/level-07/
./usr/local/xodex/courses/sql/level-07/test.sh
./usr/local/xodex/courses/sql/level-07/README.md
./usr/local/xodex/courses/sql/level-05/
./usr/local/xodex/courses/sql/level-05/test.sh
./usr/local/xodex/courses/sql/level-05/README.md
./usr/local/xodex/courses/linux/
./usr/local/xodex/courses/linux/level-03/
./usr/local/xodex/courses/linux/level-03/test.sh
./usr/local/xodex/courses/linux/level-03/README.md
./usr/local/xodex/courses/linux/level-02/
./usr/local/xodex/courses/linux/level-02/test.sh
./usr/local/xodex/courses/linux/level-02/README.md
./usr/local/xodex/courses/linux/level-00/
./usr/local/xodex/courses/linux/level-00/test.sh
./usr/local/xodex/courses/linux/level-00/README.md
./usr/local/xodex/courses/linux/level-00/solution.sh
./usr/local/xodex/courses/linux/level-01/
./usr/local/xodex/courses/linux/level-01/test.sh
./usr/local/xodex/courses/linux/level-01/README.md
./usr/local/xodex/courses/linux/level-09/
./usr/local/xodex/courses/linux/level-09/test.sh
./usr/local/xodex/courses/linux/level-09/README.md
./usr/local/xodex/courses/linux/level-04/
./usr/local/xodex/courses/linux/level-04/test.sh
./usr/local/xodex/courses/linux/level-04/README.md
./usr/local/xodex/courses/linux/level-10/
./usr/local/xodex/courses/linux/level-10/test.sh
./usr/local/xodex/courses/linux/level-10/README.md
./usr/local/xodex/courses/linux/level-08/
./usr/local/xodex/courses/linux/level-08/test.sh
./usr/local/xodex/courses/linux/level-08/README.md
./usr/local/xodex/courses/linux/level-06/
./usr/local/xodex/courses/linux/level-06/test.sh
./usr/local/xodex/courses/linux/level-06/README.md
./usr/local/xodex/courses/linux/level-07/
./usr/local/xodex/courses/linux/level-07/test.sh
./usr/local/xodex/courses/linux/level-07/README.md
./usr/local/xodex/courses/linux/level-05/
./usr/local/xodex/courses/linux/level-05/test.sh
./usr/local/xodex/courses/linux/level-05/README.md
./usr/local/xodex/courses/README.md
./usr/local/xodex/courses/python/
./usr/local/xodex/courses/python/level-03/
./usr/local/xodex/courses/python/level-03/test.sh
./usr/local/xodex/courses/python/level-03/README.md
./usr/local/xodex/courses/python/level-02/
./usr/local/xodex/courses/python/level-02/test.sh
./usr/local/xodex/courses/python/level-02/README.md
./usr/local/xodex/courses/python/level-00/
./usr/local/xodex/courses/python/level-00/test.sh
./usr/local/xodex/courses/python/level-00/solution.py
./usr/local/xodex/courses/python/level-00/README.md
./usr/local/xodex/courses/python/level-01/
./usr/local/xodex/courses/python/level-01/test.sh
./usr/local/xodex/courses/python/level-01/README.md
./usr/local/xodex/courses/python/level-09/
./usr/local/xodex/courses/python/level-09/test.sh
./usr/local/xodex/courses/python/level-09/README.md
./usr/local/xodex/courses/python/level-04/
./usr/local/xodex/courses/python/level-04/test.sh
./usr/local/xodex/courses/python/level-04/README.md
./usr/local/xodex/courses/python/level-10/
./usr/local/xodex/courses/python/level-10/test.sh
./usr/local/xodex/courses/python/level-10/README.md
./usr/local/xodex/courses/python/level-08/
./usr/local/xodex/courses/python/level-08/test.sh
./usr/local/xodex/courses/python/level-08/README.md
./usr/local/xodex/courses/python/level-06/
./usr/local/xodex/courses/python/level-06/test.sh
./usr/local/xodex/courses/python/level-06/README.md
./usr/local/xodex/courses/python/level-07/
./usr/local/xodex/courses/python/level-07/test.sh
./usr/local/xodex/courses/python/level-07/README.md
./usr/local/xodex/courses/python/level-05/
./usr/local/xodex/courses/python/level-05/test.sh
./usr/local/xodex/courses/python/level-05/README.md
./usr/local/xodex/courses/rust/
./usr/local/xodex/courses/rust/level-03/
./usr/local/xodex/courses/rust/level-03/test.sh
./usr/local/xodex/courses/rust/level-03/README.md
./usr/local/xodex/courses/rust/level-02/
./usr/local/xodex/courses/rust/level-02/test.sh
./usr/local/xodex/courses/rust/level-02/README.md
./usr/local/xodex/courses/rust/level-00/
./usr/local/xodex/courses/rust/level-00/test.sh
./usr/local/xodex/courses/rust/level-00/README.md
./usr/local/xodex/courses/rust/level-00/solution.rs
./usr/local/xodex/courses/rust/level-01/
./usr/local/xodex/courses/rust/level-01/test.sh
./usr/local/xodex/courses/rust/level-01/README.md
./usr/local/xodex/courses/rust/level-09/
./usr/local/xodex/courses/rust/level-09/test.sh
./usr/local/xodex/courses/rust/level-09/README.md
./usr/local/xodex/courses/rust/level-04/
./usr/local/xodex/courses/rust/level-04/test.sh
./usr/local/xodex/courses/rust/level-04/README.md
./usr/local/xodex/courses/rust/level-10/
./usr/local/xodex/courses/rust/level-10/test.sh
./usr/local/xodex/courses/rust/level-10/README.md
./usr/local/xodex/courses/rust/level-08/
./usr/local/xodex/courses/rust/level-08/test.sh
./usr/local/xodex/courses/rust/level-08/README.md
./usr/local/xodex/courses/rust/level-06/
./usr/local/xodex/courses/rust/level-06/test.sh
./usr/local/xodex/courses/rust/level-06/README.md
./usr/local/xodex/courses/rust/level-07/
./usr/local/xodex/courses/rust/level-07/test.sh
./usr/local/xodex/courses/rust/level-07/README.md
./usr/local/xodex/courses/rust/level-05/
./usr/local/xodex/courses/rust/level-05/test.sh
./usr/local/xodex/courses/rust/level-05/README.md
./usr/local/xodex/courses/c/
./usr/local/xodex/courses/c/level-03/
./usr/local/xodex/courses/c/level-03/test.sh
./usr/local/xodex/courses/c/level-03/README.md
./usr/local/xodex/courses/c/level-02/
./usr/local/xodex/courses/c/level-02/test.sh
./usr/local/xodex/courses/c/level-02/README.md
./usr/local/xodex/courses/c/level-00/
./usr/local/xodex/courses/c/level-00/test.sh
./usr/local/xodex/courses/c/level-00/README.md
./usr/local/xodex/courses/c/level-00/solution.c
./usr/local/xodex/courses/c/level-01/
./usr/local/xodex/courses/c/level-01/test.sh
./usr/local/xodex/courses/c/level-01/README.md
./usr/local/xodex/courses/c/level-09/
./usr/local/xodex/courses/c/level-09/test.sh
./usr/local/xodex/courses/c/level-09/README.md
./usr/local/xodex/courses/c/level-04/
./usr/local/xodex/courses/c/level-04/test.sh
./usr/local/xodex/courses/c/level-04/README.md
./usr/local/xodex/courses/c/level-10/
./usr/local/xodex/courses/c/level-10/test.sh
./usr/local/xodex/courses/c/level-10/README.md
./usr/local/xodex/courses/c/level-08/
./usr/local/xodex/courses/c/level-08/test.sh
./usr/local/xodex/courses/c/level-08/README.md
./usr/local/xodex/courses/c/level-06/
./usr/local/xodex/courses/c/level-06/test.sh
./usr/local/xodex/courses/c/level-06/README.md
./usr/local/xodex/courses/c/level-07/
./usr/local/xodex/courses/c/level-07/test.sh
./usr/local/xodex/courses/c/level-07/README.md
./usr/local/xodex/courses/c/level-05/
./usr/local/xodex/courses/c/level-05/test.sh
./usr/local/xodex/courses/c/level-05/README.md
./usr/local/xodex/README.md
./usr/local/xodex/tools/
./usr/local/xodex/tools/progress.schema.json
./usr/local/xodex/tools/prompt.sh
./usr/local/xodex/tools/xodex-menu
./usr/local/xodex/README.ru.md
./usr/local/xodex/examples/
./usr/local/xodex/examples/cpp/
./usr/local/xodex/examples/cpp/hello/
./usr/local/xodex/examples/cpp/hello/README.md
./usr/local/xodex/examples/cpp/hello/hello.cpp
./usr/local/xodex/examples/sql/
./usr/local/xodex/examples/sql/hello/
./usr/local/xodex/examples/sql/hello/README.md
./usr/local/xodex/examples/sql/hello/hello.sql
./usr/local/xodex/examples/README.md
./usr/local/xodex/examples/python/
./usr/local/xodex/examples/python/hello/
./usr/local/xodex/examples/python/hello/README.md
./usr/local/xodex/examples/python/hello/hello.py
./usr/local/xodex/examples/python/fizzbuzz/
./usr/local/xodex/examples/python/fizzbuzz/fizzbuzz.py
./usr/local/xodex/examples/rust/
./usr/local/xodex/examples/rust/hello/
./usr/local/xodex/examples/rust/hello/main.rs
./usr/local/xodex/examples/rust/hello/README.md
./usr/local/xodex/examples/c/
./usr/local/xodex/examples/c/hello/
./usr/local/xodex/examples/c/hello/README.md
./usr/local/xodex/examples/c/hello/hello.c
./usr/local/xodex/examples/c/sizeof/
./usr/local/xodex/examples/c/sizeof/sizeof.c
./usr/local/xodex/examples/asm/
./usr/local/xodex/examples/asm/hello/
./usr/local/xodex/examples/asm/hello/README.md
./usr/local/xodex/examples/asm/hello/hello.asm
./usr/local/bin/
./usr/local/bin/xodex-menu
[2026-07-22 21:52:44] lb_chroot_hooks 
P: Begin executing hooks...
[2026-07-22 21:52:44] lb_chroot_hacks 
P: Begin executing hacks...
W: skipping chroot_hacks, already done
[2026-07-22 21:52:44] lb_chroot_interactive 
[2026-07-22 21:52:44] lb_chroot_archives chroot remove
P: Deconfiguring file /etc/apt/sources.list
P: Clean up /etc/apt/preferences.d/*. Any previous packaged files have been backed up to chroot/etc/apt/preferences.d.save in the install stage for later restoration ...
Get:1 http://security.debian.org/debian-security bookworm-security InRelease [34.8 kB]
Get:4 http://security.debian.org/debian-security bookworm-security/main amd64 Packages [319 kB]
Get:2 http://deb.debian.org/debian bookworm InRelease [151 kB]
Get:5 http://security.debian.org/debian-security bookworm-security/main Translation-en [195 kB]
Get:6 http://security.debian.org/debian-security bookworm-security/contrib amd64 Packages [896 B]
Get:3 http://deb.debian.org/debian bookworm-updates InRelease [55.4 kB]
Get:7 http://security.debian.org/debian-security bookworm-security/contrib Translation-en [652 B]
Get:8 http://security.debian.org/debian-security bookworm-security/non-free-firmware amd64 Packages [688 B]
Get:9 http://security.debian.org/debian-security bookworm-security/non-free-firmware Translation-en [472 B]
Get:10 http://deb.debian.org/debian bookworm/non-free Sources [78.0 kB]
Get:11 http://deb.debian.org/debian bookworm/non-free-firmware Sources [7152 B]
Get:12 http://deb.debian.org/debian bookworm/contrib Sources [51.1 kB]
Get:13 http://deb.debian.org/debian bookworm/main Sources [9492 kB]
Get:14 http://deb.debian.org/debian bookworm/main amd64 Packages [8790 kB]
Get:15 http://deb.debian.org/debian bookworm/main Translation-en [6107 kB]
Get:16 http://deb.debian.org/debian bookworm/contrib amd64 Packages [53.5 kB]
Get:17 http://deb.debian.org/debian bookworm/contrib Translation-en [48.4 kB]
Get:18 http://deb.debian.org/debian bookworm/non-free amd64 Packages [102 kB]
Get:19 http://deb.debian.org/debian bookworm/non-free Translation-en [68.2 kB]
Get:20 http://deb.debian.org/debian bookworm/non-free-firmware amd64 Packages [6368 B]
Get:21 http://deb.debian.org/debian bookworm/non-free-firmware Translation-en [20.9 kB]
Get:22 http://deb.debian.org/debian bookworm-updates/main Sources [3288 B]
Get:23 http://deb.debian.org/debian bookworm-updates/main amd64 Packages [6924 B]
Get:24 http://deb.debian.org/debian bookworm-updates/main Translation-en [5448 B]
Fetched 25.6 MB in 6s (4265 kB/s)
Reading package lists...
Warning: apt-key is deprecated. Manage keyring files in trusted.gpg.d instead (see apt-key(8)).
[2026-07-22 21:52:51] lb_chroot_apt remove
P: Deconfiguring file /etc/apt/apt.conf
[2026-07-22 21:52:51] lb_chroot_hostname remove
P: Deconfiguring file /etc/hostname
P: Deconfiguring file /bin/hostname
[2026-07-22 21:52:52] lb_chroot_resolv remove
P: Deconfiguring file /etc/resolv.conf
[2026-07-22 21:52:52] lb_chroot_hosts remove
P: Deconfiguring file /etc/hosts
[2026-07-22 21:52:52] lb_chroot_sysv-rc remove
P: Deconfiguring file /usr/sbin/policy-rc.d
[2026-07-22 21:52:52] lb_chroot_upstart remove
P: Deconfiguring file /sbin/initctl
[2026-07-22 21:52:52] lb_chroot_tmpfs remove
[2026-07-22 21:52:52] lb_chroot_dpkg remove
P: Deconfiguring file /sbin/start-stop-daemon
[2026-07-22 21:52:52] lb_chroot_debianchroot remove
P: Deconfiguring file /etc/debian_chroot
[2026-07-22 21:52:52] lb_chroot_sysfs remove
[2026-07-22 21:52:52] lb_testroot 
P: Begin unmounting /sys...
[2026-07-22 21:52:52] lb_chroot_selinuxfs remove
[2026-07-22 21:52:52] lb_testroot 
P: Begin unmounting /selinux...
[2026-07-22 21:52:52] lb_chroot_proc remove
[2026-07-22 21:52:52] lb_testroot 
P: Begin unmounting /proc...
[2026-07-22 21:52:53] lb_chroot_devpts remove
[2026-07-22 21:52:53] lb_testroot 
P: Begin unmounting /dev/pts...
[2026-07-22 21:52:53] lb_chroot_cache save
P: Begin unmounting filesystems...
P: Saving caches...
Reading package lists...
Building dependency tree...
[2026-07-22 21:52:54] lb_binary 
P: Setting up cleanup function
[2026-07-22 21:52:54] lb_binary_chroot 
P: Begin copying chroot...
W: skipping binary_chroot, already done
[2026-07-22 21:52:54] lb_chroot_devpts install
[2026-07-22 21:52:54] lb_testroot 
P: Begin mounting /dev/pts...
[2026-07-22 21:52:54] lb_chroot_proc install
[2026-07-22 21:52:54] lb_testroot 
P: Begin mounting /proc...
[2026-07-22 21:52:54] lb_chroot_selinuxfs install
[2026-07-22 21:52:54] lb_testroot 
[2026-07-22 21:52:54] lb_chroot_sysfs install
[2026-07-22 21:52:54] lb_testroot 
P: Begin mounting /sys...
[2026-07-22 21:52:54] lb_chroot_hosts install
P: Configuring file /etc/hosts
[2026-07-22 21:52:54] lb_chroot_resolv install
P: Configuring file /etc/resolv.conf
[2026-07-22 21:52:55] lb_chroot_hostname install
P: Configuring file /etc/hostname
P: Configuring file /bin/hostname
[2026-07-22 21:52:55] lb_chroot_sysv-rc install
P: Configuring file /usr/sbin/policy-rc.d
[2026-07-22 21:52:55] lb_chroot_upstart install
P: Configuring file /sbin/initctl
[2026-07-22 21:52:55] lb_chroot_apt install-binary
P: Configuring file /etc/apt/apt.conf
[2026-07-22 21:52:55] lb_chroot_archives chroot install
P: Configuring file /etc/apt/sources.list
P: Clean up /etc/apt/preferences.d/* now that we have persisted the existing files for later restoration ...
Hit:1 http://security.debian.org/debian-security bookworm-security InRelease
Get:2 http://ftp.debian.org/debian bookworm InRelease [151 kB]
Get:3 http://ftp.debian.org/debian bookworm-updates InRelease [55.4 kB]
Get:4 http://ftp.debian.org/debian bookworm/contrib Sources [51.1 kB]
Get:5 http://ftp.debian.org/debian bookworm/main Sources [9492 kB]
Get:6 http://ftp.debian.org/debian bookworm/non-free Sources [78.0 kB]
Get:7 http://ftp.debian.org/debian bookworm/non-free-firmware Sources [7152 B]
Get:8 http://ftp.debian.org/debian bookworm/main amd64 Packages [8790 kB]
Get:9 http://ftp.debian.org/debian bookworm/main Translation-en [6107 kB]
Get:10 http://ftp.debian.org/debian bookworm/contrib amd64 Packages [53.5 kB]
Get:11 http://ftp.debian.org/debian bookworm/contrib Translation-en [48.4 kB]
Get:12 http://ftp.debian.org/debian bookworm/non-free amd64 Packages [102 kB]
Get:13 http://ftp.debian.org/debian bookworm/non-free Translation-en [68.2 kB]
Get:14 http://ftp.debian.org/debian bookworm/non-free-firmware amd64 Packages [6368 B]
Get:15 http://ftp.debian.org/debian bookworm/non-free-firmware Translation-en [20.9 kB]
Get:16 http://ftp.debian.org/debian bookworm-updates/main Sources [3288 B]
Get:17 http://ftp.debian.org/debian bookworm-updates/main amd64 Packages [6924 B]
Get:18 http://ftp.debian.org/debian bookworm-updates/main Translation-en [5448 B]
Fetched 25.0 MB in 7s (3587 kB/s)
Reading package lists...
Reading package lists...
Building dependency tree...
debian-archive-keyring is already the newest version (2023.3+deb12u2).
0 upgraded, 0 newly installed, 0 to remove and 0 not upgraded.
Hit:1 http://ftp.debian.org/debian bookworm InRelease
Hit:2 http://security.debian.org/debian-security bookworm-security InRelease
Hit:3 http://ftp.debian.org/debian bookworm-updates InRelease
Reading package lists...
Reading package lists...
Building dependency tree...
Calculating upgrade...
0 upgraded, 0 newly installed, 0 to remove and 0 not upgraded.
W: --force-yes is deprecated, use one of the options starting with --allow instead.
Reading package lists...
Building dependency tree...
Calculating upgrade...
0 upgraded, 0 newly installed, 0 to remove and 0 not upgraded.
W: --force-yes is deprecated, use one of the options starting with --allow instead.
Reading package lists...
Building dependency tree...
[2026-07-22 21:53:06] lb_binary_rootfs 
P: Begin building root filesystem image...
W: skipping binary_rootfs, already done
[2026-07-22 21:53:06] lb_binary_manifest 
P: Begin creating manifest...
W: skipping binary_manifest, already done
[2026-07-22 21:53:06] lb_binary_package-lists 
P: Begin installing local package lists...
[2026-07-22 21:53:06] lb_binary_linux-image 
P: Begin install linux-image...
W: skipping binary_linux-image, already done
[2026-07-22 21:53:06] lb_binary_debian-installer 
[2026-07-22 21:53:06] lb_binary_memtest 
P: Begin installing memtest...
W: skipping binary_memtest, already done
[2026-07-22 21:53:06] lb_binary_grub 
[2026-07-22 21:53:06] lb_binary_grub2 
[2026-07-22 21:53:07] lb_binary_syslinux 
+ set -e
+ . /scripts/build.sh
+ . /usr/lib/live/build.sh
+ [ -e local/live-build ]
+ [ -e /functions/*.sh ]
+ [ -e /usr/share/live/build/functions/aliases.sh ]
+ . /usr/share/live/build/functions/aliases.sh
+ [ -e /usr/share/live/build/functions/apt_preferences.sh ]
+ . /usr/share/live/build/functions/apt_preferences.sh
+ [ -e /usr/share/live/build/functions/architectures.sh ]
+ . /usr/share/live/build/functions/architectures.sh
+ [ -e /usr/share/live/build/functions/arguments.sh ]
+ . /usr/share/live/build/functions/arguments.sh
+ [ -e /usr/share/live/build/functions/breakpoints.sh ]
+ . /usr/share/live/build/functions/breakpoints.sh
+ [ -e /usr/share/live/build/functions/cache.sh ]
+ . /usr/share/live/build/functions/cache.sh
+ [ -e /usr/share/live/build/functions/chroot.sh ]
+ . /usr/share/live/build/functions/chroot.sh
+ [ -e /usr/share/live/build/functions/color.sh ]
+ . /usr/share/live/build/functions/color.sh
+ NO_COLOR=\033[0m
+ UNDERSCORE=\033[4m
+ BLINK=\033[5m
+ BLACK=\033[0;30m
+ DARK_GRAY=\033[1;30m
+ RED=\033[0;31m
+ LIGHT_RED=\033[1;31m
+ GREEN=\033[0;32m
+ LIGHT_GREEN=\033[1;32m
+ BROWN=\033[0;33m
+ YELLOW=\033[1;33m
+ BLUE=\033[0;34m
+ LIGHT_BLUE=\033[1;34m
+ PURPLE=\033[0;35m
+ LIGHT_PURPLE=\033[1;35m
+ CYAN=\033[0;36m
+ LIGHT_CYAN=\033[1;36m
+ GRAY=\033[0;37m
+ WHITE=\033[1;37m
+ [ -e /usr/share/live/build/functions/common.sh ]
+ . /usr/share/live/build/functions/common.sh
+ PROGRAM=live-build
+ [ -e /VERSION ]
+ cat /usr/share/live/build/VERSION
+ VERSION=3.0~a57-1
+ echo 3.0~a57-1
+ awk -F- { print $1 }
+ CONFIG_VERSION=3.0~a57
+ PATH=/home/max/Загрузки/LCCcoddex-main/local/scripts:/home/max/Загрузки/LCCcoddex-main/local/scripts:/home/max/Загрузки/LCCcoddex-main/local/scripts:/home/max/Загрузки/LCCcoddex-main/local/scripts:/home/max/Загрузки/LCCcoddex-main/local/scripts:/home/max/Загрузки/LCCcoddex-main/local/scripts:/usr/local/sbin:/usr/local/bin:/usr/sbin:/usr/bin:/sbin:/bin:/snap/bin
+ [ -e /usr/share/live/build/functions/conffile.sh ]
+ . /usr/share/live/build/functions/conffile.sh
+ [ -e /usr/share/live/build/functions/cursor.sh ]
+ . /usr/share/live/build/functions/cursor.sh
+ [ -e /usr/share/live/build/functions/defaults.sh ]
+ . /usr/share/live/build/functions/defaults.sh
+ [ -e /usr/share/live/build/functions/echo.sh ]
+ . /usr/share/live/build/functions/echo.sh
+ [ -e /usr/share/live/build/functions/exit.sh ]
+ . /usr/share/live/build/functions/exit.sh
+ [ -e /usr/share/live/build/functions/help.sh ]
+ . /usr/share/live/build/functions/help.sh
+ [ -e /usr/share/live/build/functions/lockfile.sh ]
+ . /usr/share/live/build/functions/lockfile.sh
+ [ -e /usr/share/live/build/functions/losetup.sh ]
+ . /usr/share/live/build/functions/losetup.sh
+ [ -e /usr/share/live/build/functions/man.sh ]
+ . /usr/share/live/build/functions/man.sh
+ [ -e /usr/share/live/build/functions/packagelists.sh ]
+ . /usr/share/live/build/functions/packagelists.sh
+ [ -e /usr/share/live/build/functions/packages.sh ]
+ . /usr/share/live/build/functions/packages.sh
+ [ -e /usr/share/live/build/functions/releases.sh ]
+ . /usr/share/live/build/functions/releases.sh
+ RELEASE_squeeze=6.0.5
+ RELEASE_wheezy=7.0.0
+ RELEASE_jessie=8
+ RELEASE_sid=unstable
+ RELEASE_artax=1.0
+ RELEASE_baureo=2.0
+ RELEASE_charon=unstable
+ RELEASE_hardy=8.04
+ RELEASE_lucid=10.04
+ RELEASE_natty=11.04
+ RELEASE_oneiric=11.10
+ RELEASE_precise=12.04
+ RELEASE_quantal=12.10
+ RELEASE_raring=13.04
+ RELEASE_saucy=13.10
+ RELEASE_trusty=14.04
+ [ -e /usr/share/live/build/functions/stagefile.sh ]
+ . /usr/share/live/build/functions/stagefile.sh
+ [ -e /usr/share/live/build/functions/templates.sh ]
+ . /usr/share/live/build/functions/templates.sh
+ [ -e /usr/share/live/build/functions/usage.sh ]
+ . /usr/share/live/build/functions/usage.sh
+ [ -e /usr/share/live/build/functions/wrapper.sh ]
+ . /usr/share/live/build/functions/wrapper.sh
+ ls local/functions/*
+ Echo installs syslinux into binary
+ STRING=installs syslinux into binary
+ shift
+ printf installs syslinux into binary\n
+ DESCRIPTION=installs syslinux into binary
+ HELP=
+ USAGE=live-build [--force]
+ Arguments
+ getopt --longoptions breakpoints,conffile:,debug,force,help,quiet,usage,verbose,version --name=live-build --options c:huv --shell sh --
+ ARGUMENTS= --
+ [ 0 != 0 ]
+ eval set --  --
+ set -- --
+ true
+ shift
+ break
+ Read_conffiles config/all config/common config/bootstrap config/chroot config/binary config/source
+ [ -f Get_conffiles ]
+ [ -f config/all ]
+ [ -f config/common ]
+ [ -r config/common ]
+ Echo_debug Reading configuration file %s config/common
+ [  = true ]
+ . config/common
+ LB_CONFIG_VERSION=3.0~a57
+ LB_APT=apt
+ LB_APT_FTP_PROXY=
+ LB_APT_HTTP_PROXY=
+ LB_APT_PIPELINE=
+ LB_APT_RECOMMENDS=false
+ LB_APT_SECURE=true
+ LB_APT_SOURCE_ARCHIVES=true
+ LB_BOOTSTRAP=debootstrap
+ LB_CACHE=true
+ LB_CACHE_INDICES=false
+ LB_CACHE_PACKAGES=true
+ LB_CACHE_STAGES=bootstrap
+ LB_DEBCONF_FRONTEND=noninteractive
+ LB_DEBCONF_NOWARNINGS=yes
+ LB_DEBCONF_PRIORITY=critical
+ LB_INITRAMFS=live-boot
+ LB_INITRAMFS_COMPRESSION=
+ LB_INITSYSTEM=sysvinit
+ LB_FDISK=fdisk
+ LB_LOSETUP=losetup
+ LB_MODE=debian
+ LB_SYSTEM=live
+ LB_USE_FAKEROOT=false
+ LB_TASKSEL=apt
+ LB_TEMPLATES=/usr/share/live/build/templates
+ _QUIET=false
+ APT_OPTIONS=--yes
+ APTITUDE_OPTIONS=--assume-yes
+ GZIP_OPTIONS=-6  --rsyncable
+ ISOHYBRID_OPTIONS=
+ GENISOIMAGE_OPTIONS_EXTRA=
+ [ -f config/bootstrap ]
+ [ -r config/bootstrap ]
+ Echo_debug Reading configuration file %s config/bootstrap
+ [  = true ]
+ . config/bootstrap
+ LB_ARCHITECTURES=amd64
+ LB_BOOTSTRAP_INCLUDE=
+ LB_BOOTSTRAP_EXCLUDE=
+ LB_BOOTSTRAP_FLAVOUR=
+ LB_BOOTSTRAP_KEYRING=
+ LB_DISTRIBUTION=bookworm
+ LB_PARENT_DISTRIBUTION=bookworm
+ LB_PARENT_DEBIAN_INSTALLER_DISTRIBUTION=bookworm
+ LB_PARENT_MIRROR_BOOTSTRAP=http://ftp.debian.org/debian/
+ LB_PARENT_MIRROR_CHROOT=http://ftp.debian.org/debian/
+ LB_PARENT_MIRROR_CHROOT_SECURITY=http://security.debian.org/
+ LB_PARENT_MIRROR_CHROOT_VOLATILE=http://ftp.debian.org/debian/
+ LB_PARENT_MIRROR_CHROOT_BACKPORTS=http://backports.debian.org/debian-backports/
+ LB_PARENT_MIRROR_BINARY=http://cdn.debian.net/debian/
+ LB_PARENT_MIRROR_BINARY_SECURITY=http://security.debian.org/
+ LB_PARENT_MIRROR_BINARY_VOLATILE=http://cdn.debian.net/debian/
+ LB_PARENT_MIRROR_BINARY_BACKPORTS=http://backports.debian.org/debian-backports/
+ LB_PARENT_MIRROR_DEBIAN_INSTALLER=http://ftp.debian.org/debian/
+ LB_MIRROR_BOOTSTRAP=http://ftp.debian.org/debian/
+ LB_MIRROR_CHROOT=http://ftp.debian.org/debian/
+ LB_MIRROR_CHROOT_SECURITY=http://security.debian.org/
+ LB_MIRROR_CHROOT_VOLATILE=http://ftp.debian.org/debian/
+ LB_MIRROR_CHROOT_BACKPORTS=http://backports.debian.org/debian-backports/
+ LB_MIRROR_BINARY=http://cdn.debian.net/debian/
+ LB_MIRROR_BINARY_SECURITY=http://security.debian.org/
+ LB_MIRROR_BINARY_VOLATILE=http://cdn.debian.net/debian/
+ LB_MIRROR_BINARY_BACKPORTS=http://backports.debian.org/debian-backports/
+ LB_MIRROR_DEBIAN_INSTALLER=http://ftp.debian.org/debian/
+ LB_ARCHIVES=
+ LB_ARCHIVE_AREAS=main contrib non-free non-free-firmware
+ LB_PARENT_ARCHIVE_AREAS=main contrib non-free non-free-firmware
+ LB_BOOTSTRAP_QEMU_ARCHITECTURES=
+ LB_BOOTSTRAP_QEMU_EXCLUDE=
+ LB_BOOTSTRAP_QEMU_STATIC=
+ [ -f config/chroot ]
+ [ -r config/chroot ]
+ Echo_debug Reading configuration file %s config/chroot
+ [  = true ]
+ . config/chroot
+ LB_CHROOT_FILESYSTEM=squashfs
+ LB_UNION_FILESYSTEM=aufs
+ LB_EXPOSED_ROOT=false
+ LB_HOOKS=
+ LB_INTERACTIVE=false
+ LB_KEYRING_PACKAGES=debian-archive-keyring
+ LB_LINUX_FLAVOURS=amd64
+ LB_LINUX_PACKAGES=linux-image
+ LB_SECURITY=false
+ LB_VOLATILE=true
+ LB_BACKPORTS=false
+ [ -f config/binary ]
+ [ -r config/binary ]
+ Echo_debug Reading configuration file %s config/binary
+ [  = true ]
+ . config/binary
+ LB_BINARY_FILESYSTEM=fat16
+ LB_BINARY_IMAGES=iso-hybrid
+ LB_APT_INDICES=true
+ LB_BOOTAPPEND_LIVE=boot=live components hostname=xodex username=xodex locales=ru_RU.UTF-8,en_US.UTF-8 keyboard-layouts=us,ru timezone=UTC
+ LB_BOOTAPPEND_INSTALL=
+ LB_BOOTAPPEND_FAILSAFE=memtest noapic noapm nodma nomce nolapic nomodeset nosmp nosplash vga=normal
+ LB_BOOTLOADER=syslinux
+ LB_CHECKSUMS=sha256
+ LB_COMPRESSION=xz
+ LB_ZSYNC=true
+ LB_BUILD_WITH_CHROOT=true
+ LB_DEBIAN_INSTALLER=false
+ LB_DEBIAN_INSTALLER_DISTRIBUTION=bookworm
+ LB_DEBIAN_INSTALLER_PRESEEDFILE=
+ LB_DEBIAN_INSTALLER_GUI=true
+ LB_GRUB_SPLASH=
+ LB_HDD_LABEL=DEBIAN_LIVE
+ LB_HDD_SIZE=10000
+ LB_ISO_APPLICATION=Xodex
+ LB_ISO_PREPARER=XodexOC
+ LB_ISO_PUBLISHER=XodexOC https://github.com/XodexOC/XodexOC
+ LB_ISO_VOLUME=XODEX
+ LB_EXT_BLOCKSIZE=
+ LB_EXT_RESIZEBLOCKS=
+ LB_EXT_FUDGEFACTOR=
+ LB_JFFS2_ERASEBLOCK=
+ LB_MEMTEST=memtest86+
+ LB_WIN32_LOADER=false
+ LB_NET_ROOT_FILESYSTEM=nfs
+ LB_NET_ROOT_MOUNTOPTIONS=
+ LB_NET_ROOT_PATH=/srv/debian-live
+ LB_NET_ROOT_SERVER=192.168.1.1
+ LB_NET_COW_FILESYSTEM=nfs
+ LB_NET_COW_MOUNTOPTIONS=
+ LB_NET_COW_PATH=
+ LB_NET_COW_SERVER=
+ LB_NET_TARBALL=true
+ LB_FIRMWARE_BINARY=true
+ LB_FIRMWARE_CHROOT=false
+ LB_SWAP_FILE_PATH=
+ LB_SWAP_FILE_SIZE=512
+ LB_SYSLINUX_THEME=live-build
+ [ -f config/source ]
+ [ -r config/source ]
+ Echo_debug Reading configuration file %s config/source
+ [  = true ]
+ . config/source
+ LB_SOURCE=false
+ LB_SOURCE_IMAGES=tar
+ Set_defaults
+ [ -e local/live-build ]
+ LB_SYSTEM=live
+ [ -x /usr/bin/lsb_release ]
+ lsb_release -is
+ tr [A-Z] [a-z]
+ _DISTRIBUTOR=ubuntu
+ LB_MODE=debian
+ LB_DISTRIBUTION=bookworm
+ LB_DERIVATIVE=false
+ LB_PARENT_DISTRIBUTION=bookworm
+ LB_PARENT_DEBIAN_INSTALLER_DISTRIBUTION=bookworm
+ LB_BACKPORTS=false
+ LB_APT=apt
+ LB_APT_FTP_PROXY=
+ LB_APT_HTTP_PROXY=
+ APT_OPTIONS=--yes
+ APTITUDE_OPTIONS=--assume-yes
+ BZIP2_OPTIONS=-6
+ GZIP_OPTIONS=-6  --rsyncable
+ gzip --help
+ grep -qs \-\-rsyncable
+ echo -6 --rsyncable
+ sed -e s|--rsyncable||
+ GZIP_OPTIONS=-6  --rsyncable
+ LZIP_OPTIONS=-6
+ LZMA_OPTIONS=-6
+ XZ_OPTIONS=-6
+ LB_APT_RECOMMENDS=false
+ LB_APT_SECURE=true
+ LB_APT_SOURCE_ARCHIVES=true
+ [ -z debootstrap ]
+ which debootstrap
+ [ ! -x /usr/sbin/debootstrap ]
+ LB_CACHE=true
+ LB_CACHE_INDICES=false
+ LB_CACHE_PACKAGES=true
+ LB_CACHE_STAGES=bootstrap
+ LB_DEBCONF_FRONTEND=noninteractive
+ LB_DEBCONF_NOWARNINGS=yes
+ LB_DEBCONF_PRIORITY=critical
+ LB_INITRAMFS=live-boot
+ LB_INITSYSTEM=sysvinit
+ [ -z fdisk ]
+ [ ! -x fdisk ]
+ [ -x /sbin/fdisk.distrib ]
+ [ -x /sbin/fdisk ]
+ LB_FDISK=fdisk
+ [ -z losetup ]
+ [ losetup != /sbin/losetup.orig ]
+ [ -x /sbin/losetup.orig ]
+ [ -x /sbin/losetup ]
+ LB_LOSETUP=losetup
+ id -u
+ [ 0 = 0 ]
+ LB_ROOT_COMMAND=
+ [  = i386 ]
+ _LINUX32=
+ LB_TASKSEL=apt
+ LB_ROOT=debian-live
+ [ -n  ]
+ LB_INCLUDES=/usr/share/live/build/includes
+ [ -n  ]
+ LB_TEMPLATES=/usr/share/live/build/templates
+ _BREAKPOINTS=false
+ _COLOR=false
+ _DEBUG=false
+ _FORCE=false
+ _QUIET=false
+ _VERBOSE=false
+ [ -z amd64 ]
+ LB_MIRROR_BOOTSTRAP=http://ftp.debian.org/debian/
+ LB_PARENT_MIRROR_BOOTSTRAP=http://ftp.debian.org/debian/
+ LB_PARENT_MIRROR_CHROOT=http://ftp.debian.org/debian/
+ LB_MIRROR_CHROOT=http://ftp.debian.org/debian/
+ LB_MIRROR_CHROOT_SECURITY=http://security.debian.org/
+ LB_PARENT_MIRROR_CHROOT_SECURITY=http://security.debian.org/
+ LB_PARENT_MIRROR_CHROOT_VOLATILE=http://ftp.debian.org/debian/
+ LB_MIRROR_CHROOT_VOLATILE=http://ftp.debian.org/debian/
+ LB_MIRROR_CHROOT_BACKPORTS=http://backports.debian.org/debian-backports/
+ LB_PARENT_MIRROR_CHROOT_BACKPORTS=http://backports.debian.org/debian-backports/
+ LB_MIRROR_BINARY=http://cdn.debian.net/debian/
+ LB_PARENT_MIRROR_BINARY=http://cdn.debian.net/debian/
+ LB_MIRROR_BINARY_SECURITY=http://security.debian.org/
+ LB_PARENT_MIRROR_BINARY_SECURITY=http://security.debian.org/
+ LB_MIRROR_BINARY_VOLATILE=http://cdn.debian.net/debian/
+ LB_PARENT_MIRROR_BINARY_VOLATILE=http://cdn.debian.net/debian/
+ LB_MIRROR_BINARY_BACKPORTS=http://backports.debian.org/debian-backports/
+ LB_PARENT_MIRROR_BINARY_BACKPORTS=http://backports.debian.org/debian-backports/
+ LB_MIRROR_DEBIAN_INSTALLER=http://ftp.debian.org/debian/
+ LB_PARENT_MIRROR_DEBIAN_INSTALLER=http://ftp.debian.org/debian/
+ LB_ARCHIVE_AREAS=main contrib non-free non-free-firmware
+ LB_PARENT_ARCHIVE_AREAS=main contrib non-free non-free-firmware
+ LB_CHROOT_FILESYSTEM=squashfs
+ LB_EXPOSED_ROOT=false
+ LB_UNION_FILESYSTEM=aufs
+ LB_CHROOT_HOOKS=update-apt-file-cache 				update-apt-xapian-index 				update-mlocate-database 				remove-dbus-machine-id 				remove-openssh-server-host-keys 				remove-python-py 				remove-udev-persistent-rules
+ LB_INTERACTIVE=false
+ LB_KEYRING_PACKAGES=debian-archive-keyring
+ LB_LINUX_FLAVOURS=amd64
+ LB_LINUX_PACKAGES=linux-image
+ LB_SECURITY=false
+ LB_VOLATILE=true
+ LB_BINARY_FILESYSTEM=fat16
+ LB_BINARY_IMAGES=iso-hybrid
+ LB_APT_INDICES=true
+ [ -z syslinux ]
+ LB_CHECKSUMS=sha256
+ LB_COMPRESSION=xz
+ LB_ZSYNC=true
+ LB_BUILD_WITH_CHROOT=true
+ LB_BUILD_WITH_TMPFS=false
+ LB_DEBIAN_INSTALLER=false
+ LB_DEBIAN_INSTALLER_DISTRIBUTION=bookworm
+ LB_DEBIAN_INSTALLER_GUI=true
+ [ -z  ]
+ Find_files config/binary_debian-installer/preseed.cfg
+ Find_files config/binary_debian-installer/*.cfg
+ LB_BOOTAPPEND_FAILSAFE=memtest noapic noapm nodma nomce nolapic nomodeset nosmp nosplash vga=normal
+ [ -n  ]
+ [ -n ]
+ LB_BOOTAPPEND_INSTALL= 
+ echo
+ sed -e s/[ \t]*$//
+ LB_BOOTAPPEND_INSTALL=
+ LB_ISO_APPLICATION=Xodex
+ LB_ISO_PREPARER=XodexOC
+ LB_ISO_PUBLISHER=XodexOC https://github.com/XodexOC/XodexOC
+ LB_HDD_LABEL=DEBIAN_LIVE
+ LB_HDD_SIZE=10000
+ LB_ISO_VOLUME=XODEX
+ LB_MEMTEST=memtest86+
+ [ false != false ]
+ LB_WIN32_LOADER=false
+ LB_NET_ROOT_FILESYSTEM=nfs
+ LB_NET_ROOT_PATH=/srv/debian-live
+ LB_NET_ROOT_SERVER=192.168.1.1
+ LB_NET_COW_FILESYSTEM=nfs
+ LB_NET_TARBALL=true
+ LB_SYSLINUX_THEME=live-build
+ LB_FIRMWARE_CHROOT=false
+ LB_FIRMWARE_BINARY=true
+ LB_SWAP_FILE_SIZE=512
+ LB_SOURCE=false
+ LB_SOURCE_IMAGES=tar
+ LB_USE_FAKEROOT=false
+ [ syslinux != syslinux ]
+ Echo_message Begin installing syslinux...
+ [ false != true ]
+ STRING=Begin installing syslinux...
+ shift
+ [ false = false ]
+ printf P:
P:+ printf  Begin installing syslinux...\n
 Begin installing syslinux...
+ Require_stagefile .build/config .build/bootstrap
+ basename /usr/lib/live/build/lb_binary_syslinux
+ NAME=lb_binary_syslinux
+ FILES=.build/config .build/bootstrap
+ echo .build/config .build/bootstrap
+ wc -w
+ NUMBER=2
+ [ -f .build/config ]
+ CONTINUE=true
+ basename .build/config
+ NAME=lb_binary_syslinux config
+ [ -f .build/bootstrap ]
+ CONTINUE=true
+ basename .build/bootstrap
+ NAME=lb_binary_syslinux config bootstrap
+ [ true != true ]
+ Check_stagefile .build/binary_syslinux
+ FILE=.build/binary_syslinux
+ basename .build/binary_syslinux
+ NAME=binary_syslinux
+ [ -f .build/binary_syslinux ]
+ Check_lockfile .lock
+ FILE=.lock
+ [ -z .lock ]
+ [ -f .lock ]
+ Create_lockfile .lock
+ FILE=.lock
+ [ -z .lock ]
+ dirname .lock
+ DIRECTORY=.
+ mkdir -p .
+ trap ret=${?}; rm -f ".lock"; exit ${ret} EXIT HUP INT QUIT TERM
+ touch .lock
+ Check_architectures amd64 i386
+ ARCHITECTURES=amd64 i386
+ VALID=false
+ echo amd64
+ grep amd64
+ [ amd64 ]
+ VALID=true
+ break
+ [ amd64 i386 =  ]
+ [ true = false ]
+ Check_crossarchitectures
+ [ -x /usr/bin/dpkg ]
+ dpkg --print-architecture
+ HOST=amd64
+ CROSS=amd64 i386
+ [ amd64 =  ]
+ Check_architectures amd64 i386
+ ARCHITECTURES=amd64 i386
+ VALID=false
+ echo amd64
+ grep amd64
+ [ amd64 ]
+ VALID=true
+ break
+ [ amd64 i386 =  ]
+ [ true = false ]
+ _BOOTLOADER=isolinux
+ _TARGET=binary/isolinux
+ Check_package chroot/usr/bin/syslinux syslinux
+ FILE=chroot/usr/bin/syslinux
+ PACKAGE=syslinux
+ Check_installed chroot/usr/bin/syslinux syslinux
+ FILE=chroot/usr/bin/syslinux
+ PACKAGE=syslinux
+ Chroot chroot dpkg-query -s syslinux
+ grep -qs Status: install
+ INSTALL_STATUS=1
+ _LB_PACKAGES= syslinux
+ Check_package chroot/usr/lib/syslinux syslinux-common
+ FILE=chroot/usr/lib/syslinux
+ PACKAGE=syslinux-common
+ Check_installed chroot/usr/lib/syslinux syslinux-common
+ FILE=chroot/usr/lib/syslinux
+ PACKAGE=syslinux-common
+ + grep -qs Status: install
Chroot chroot dpkg-query -s syslinux-common
+ INSTALL_STATUS=1
+ _LB_PACKAGES= syslinux syslinux-common
+ Check_package chroot/usr/bin/rsvg librsvg2-bin
+ FILE=chroot/usr/bin/rsvg
+ PACKAGE=librsvg2-bin
+ Check_installed chroot/usr/bin/rsvg librsvg2-bin
+ FILE=chroot/usr/bin/rsvg
+ PACKAGE=librsvg2-bin
+ Chroot chroot dpkg-query -s librsvg2-bin
+ grep -qs Status: install
+ INSTALL_STATUS=1
+ _LB_PACKAGES= syslinux syslinux-common librsvg2-bin
+ Restore_cache cache/packages.binary
+ DIRECTORY=cache/packages.binary
+ [ true = true ]
+ [ true = true ]
+ [ -d cache/packages.binary ]
+ stat --printf %d cache/packages.binary
+ stat --printf %d chroot/var/cache/apt/archives
+ [ 66306 = 66306 ]
+ cp -fl cache/packages.binary/bind9-dnsutils_1%3a9.18.49-1~deb12u1_amd64.deb cache/packages.binary/bind9-host_1%3a9.18.49-1~deb12u1_amd64.deb cache/packages.binary/bind9-libs_1%3a9.18.49-1~deb12u1_amd64.deb cache/packages.binary/binutils-common_2.40-2_amd64.deb cache/packages.binary/binutils-x86-64-linux-gnu_2.40-2_amd64.deb cache/packages.binary/binutils_2.40-2_amd64.deb cache/packages.binary/bsdextrautils_2.38.1-5+deb12u3_amd64.deb cache/packages.binary/btop_1.2.13-1_amd64.deb cache/packages.binary/build-essential_12.9_amd64.deb cache/packages.binary/busybox_1%3a1.35.0-4+deb12u1+b1_amd64.deb cache/packages.binary/bzip2_1.0.8-5+b1_amd64.deb cache/packages.binary/ca-certificates_20230311+deb12u1_all.deb cache/packages.binary/cargo_0.66.0+ds1-1_amd64.deb cache/packages.binary/cmake-data_3.25.1-1_all.deb cache/packages.binary/cmake_3.25.1-1_amd64.deb cache/packages.binary/console-setup-linux_1.221_all.deb cache/packages.binary/console-setup_1.221_all.deb cache/packages.binary/cpp-12_12.2.0-14+deb12u1_amd64.deb cache/packages.binary/cpp_4%3a12.2.0-3_amd64.deb cache/packages.binary/curl_7.88.1-10+deb12u15_amd64.deb cache/packages.binary/dctrl-tools_2.24-3+b1_amd64.deb cache/packages.binary/dnsutils_1%3a9.18.49-1~deb12u1_all.deb cache/packages.binary/dpkg-dev_1.21.23_all.deb cache/packages.binary/fd-find_8.6.0-3_amd64.deb cache/packages.binary/file_1%3a5.44-3_amd64.deb cache/packages.binary/firmware-amd-graphics_20230210-5_all.deb cache/packages.binary/firmware-linux-free_20200122-1_all.deb cache/packages.binary/firmware-linux-nonfree_20230210-5_all.deb cache/packages.binary/firmware-linux_20230210-5_all.deb cache/packages.binary/firmware-misc-nonfree_20230210-5_all.deb cache/packages.binary/fonts-terminus_1.2.0+ds2-1+b1_amd64.deb cache/packages.binary/fzf_0.38.0-1+b1_amd64.deb cache/packages.binary/g++-12_12.2.0-14+deb12u1_amd64.deb cache/packages.binary/g++_4%3a12.2.0-3_amd64.deb cache/packages.binary/gawk_1%3a5.2.1-2_amd64.deb cache/packages.binary/gcc-12_12.2.0-14+deb12u1_amd64.deb cache/packages.binary/gcc_4%3a12.2.0-3_amd64.deb cache/packages.binary/gdb_13.1-3_amd64.deb cache/packages.binary/git-man_1%3a2.39.5-0+deb12u3_all.deb cache/packages.binary/git_1%3a2.39.5-0+deb12u3_amd64.deb cache/packages.binary/groff-base_1.22.4-10_amd64.deb cache/packages.binary/htop_3.2.2-2_amd64.deb cache/packages.binary/info_6.8-6+b1_amd64.deb cache/packages.binary/initramfs-tools-core_0.142+deb12u3_all.deb cache/packages.binary/initramfs-tools_0.142+deb12u3_all.deb cache/packages.binary/install-info_6.8-6+b1_amd64.deb cache/packages.binary/jq_1.6-2.1+deb12u2_amd64.deb cache/packages.binary/kbd_2.5.1-1+b1_amd64.deb cache/packages.binary/keyboard-configuration_1.221_all.deb cache/packages.binary/klibc-utils_2.0.12-1_amd64.deb cache/packages.binary/libarchive13_3.6.2-1+deb12u4_amd64.deb cache/packages.binary/libasan8_12.2.0-14+deb12u1_amd64.deb cache/packages.binary/libatomic1_12.2.0-14+deb12u1_amd64.deb cache/packages.binary/libbabeltrace1_1.5.11-1+b2_amd64.deb cache/packages.binary/libbinutils_2.40-2_amd64.deb cache/packages.binary/libboost-regex1.74.0_1.74.0+ds1-21_amd64.deb cache/packages.binary/libbrotli1_1.0.9-2+b6_amd64.deb cache/packages.binary/libc-dev-bin_2.36-9+deb12u14_amd64.deb cache/packages.binary/libc-l10n_2.36-9+deb12u14_all.deb cache/packages.binary/libc6-dbg_2.36-9+deb12u14_amd64.deb cache/packages.binary/libc6-dev_2.36-9+deb12u14_amd64.deb cache/packages.binary/libcc1-0_12.2.0-14+deb12u1_amd64.deb cache/packages.binary/libcrypt-dev_1%3a4.4.33-2_amd64.deb cache/packages.binary/libctf-nobfd0_2.40-2_amd64.deb cache/packages.binary/libctf0_2.40-2_amd64.deb cache/packages.binary/libcurl3-gnutls_7.88.1-10+deb12u15_amd64.deb cache/packages.binary/libcurl4_7.88.1-10+deb12u15_amd64.deb cache/packages.binary/libdebuginfod-common_0.188-2.1_all.deb cache/packages.binary/libdebuginfod1_0.188-2.1_amd64.deb cache/packages.binary/libdpkg-perl_1.21.23_all.deb cache/packages.binary/libdw1_0.188-2.1_amd64.deb cache/packages.binary/liberror-perl_0.17029-2_all.deb cache/packages.binary/libevent-core-2.1-7_2.1.12-stable-8_amd64.deb cache/packages.binary/libexpat1_2.5.0-1+deb12u2_amd64.deb cache/packages.binary/libfstrm0_0.6.1-1_amd64.deb cache/packages.binary/libgc1_1%3a8.2.2-3_amd64.deb cache/packages.binary/libgcc-12-dev_12.2.0-14+deb12u1_amd64.deb cache/packages.binary/libgdbm-compat4_1.23-3_amd64.deb cache/packages.binary/libgdbm6_1.23-3_amd64.deb cache/packages.binary/libgit2-1.5_1.5.1+ds-1+deb12u1_amd64.deb cache/packages.binary/libglib2.0-0_2.74.6-2+deb12u9_amd64.deb cache/packages.binary/libgomp1_12.2.0-14+deb12u1_amd64.deb cache/packages.binary/libgpm2_1.20.7-10+b1_amd64.deb cache/packages.binary/libgprofng0_2.40-2_amd64.deb cache/packages.binary/libhttp-parser2.9_2.9.4-5_amd64.deb cache/packages.binary/libicu72_72.1-3+deb12u1_amd64.deb cache/packages.binary/libipt2_2.0.5-1_amd64.deb cache/packages.binary/libisl23_0.25-1.1_amd64.deb cache/packages.binary/libitm1_12.2.0-14+deb12u1_amd64.deb cache/packages.binary/libjemalloc2_5.3.0-1_amd64.deb cache/packages.binary/libjq1_1.6-2.1+deb12u2_amd64.deb cache/packages.binary/libjsoncpp25_1.9.5-4_amd64.deb cache/packages.binary/libklibc_2.0.12-1_amd64.deb cache/packages.binary/libldap-2.5-0_2.5.13+dfsg-5_amd64.deb cache/packages.binary/libllvm14_1%3a14.0.6-12_amd64.deb cache/packages.binary/liblmdb0_0.9.24-1_amd64.deb cache/packages.binary/liblsan0_12.2.0-14+deb12u1_amd64.deb cache/packages.binary/libluajit-5.1-2_2.1.0~beta3+git20220320+dfsg-4.1+deb12u1_amd64.deb cache/packages.binary/libluajit-5.1-common_2.1.0~beta3+git20220320+dfsg-4.1+deb12u1_all.deb cache/packages.binary/libmagic-mgc_1%3a5.44-3_amd64.deb cache/packages.binary/libmagic1_1%3a5.44-3_amd64.deb cache/packages.binary/libmaxminddb0_1.7.1-1_amd64.deb cache/packages.binary/libmbedcrypto7_2.28.3-1_amd64.deb cache/packages.binary/libmbedtls14_2.28.3-1_amd64.deb cache/packages.binary/libmbedx509-1_2.28.3-1_amd64.deb cache/packages.binary/libmpc3_1.3.1-1_amd64.deb cache/packages.binary/libmpfr6_4.2.0-1_amd64.deb cache/packages.binary/libmsgpackc2_4.0.0-3_amd64.deb cache/packages.binary/libnghttp2-14_1.52.0-1+deb12u3_amd64.deb cache/packages.binary/libnl-3-200_3.7.0-0.2+b1_amd64.deb cache/packages.binary/libnl-genl-3-200_3.7.0-0.2+b1_amd64.deb cache/packages.binary/libnsl-dev_1.3.0-2_amd64.deb cache/packages.binary/libnsl2_1.3.0-2_amd64.deb cache/packages.binary/libonig5_6.9.8-1_amd64.deb cache/packages.binary/libperl5.36_5.36.0-7+deb12u3_amd64.deb cache/packages.binary/libpipeline1_1.5.7-1_amd64.deb cache/packages.binary/libpkgconf3_1.8.1-1_amd64.deb cache/packages.binary/libpq5_15.18-0+deb12u1_amd64.deb cache/packages.binary/libprotobuf-c1_1.4.1-1+b1_amd64.deb cache/packages.binary/libpsl5_0.21.2-1_amd64.deb cache/packages.binary/libpython3-stdlib_3.11.2-1+b1_amd64.deb cache/packages.binary/libpython3.11-minimal_3.11.2-6+deb12u8_amd64.deb cache/packages.binary/libpython3.11-stdlib_3.11.2-6+deb12u8_amd64.deb cache/packages.binary/libpython3.11_3.11.2-6+deb12u8_amd64.deb cache/packages.binary/libquadmath0_12.2.0-14+deb12u1_amd64.deb cache/packages.binary/librhash0_1.4.3-3_amd64.deb cache/packages.binary/librtmp1_2.4+20151223.gitfa8646d.1-2+b2_amd64.deb cache/packages.binary/libsasl2-2_2.1.28+dfsg-10_amd64.deb cache/packages.binary/libsasl2-modules-db_2.1.28+dfsg-10_amd64.deb cache/packages.binary/libsigsegv2_2.14-1_amd64.deb cache/packages.binary/libsodium23_1.0.18-1+deb12u1_amd64.deb cache/packages.binary/libsource-highlight-common_3.1.9-4.2_all.deb cache/packages.binary/libsource-highlight4v5_3.1.9-4.2+b3_amd64.deb cache/packages.binary/libsqlite3-0_3.40.1-2+deb12u2_amd64.deb cache/packages.binary/libsqlite3-dev_3.40.1-2+deb12u2_amd64.deb cache/packages.binary/libssh2-1_1.10.0-3+b1_amd64.deb cache/packages.binary/libstd-rust-1.63_1.63.0+dfsg1-2_amd64.deb cache/packages.binary/libstd-rust-dev_1.63.0+dfsg1-2_amd64.deb cache/packages.binary/libstdc++-12-dev_12.2.0-14+deb12u1_amd64.deb cache/packages.binary/libtermkey1_0.22-1_amd64.deb cache/packages.binary/libtext-unidecode-perl_1.30-3_all.deb cache/packages.binary/libtirpc-dev_1.3.3+ds-1_amd64.deb cache/packages.binary/libtree-sitter0_0.20.7-1_amd64.deb cache/packages.binary/libtsan2_12.2.0-14+deb12u1_amd64.deb cache/packages.binary/libubsan1_12.2.0-14+deb12u1_amd64.deb cache/packages.binary/libuchardet0_0.0.7-1_amd64.deb cache/packages.binary/libunibilium4_2.1.0-1_amd64.deb cache/packages.binary/libunwind8_1.6.2-3_amd64.deb cache/packages.binary/libutempter0_1.2.1-3_amd64.deb cache/packages.binary/libuv1_1.44.2-1+deb12u1_amd64.deb cache/packages.binary/libvterm0_0.1.4-1_amd64.deb cache/packages.binary/libxml-libxml-perl_2.0207+dfsg+really+2.0134-1+deb12u1_amd64.deb cache/packages.binary/libxml-namespacesupport-perl_1.12-2_all.deb cache/packages.binary/libxml-sax-base-perl_1.09-3_all.deb cache/packages.binary/libxml-sax-perl_1.02+dfsg-3_all.deb cache/packages.binary/libxml2_2.9.14+dfsg-1.3~deb12u6_amd64.deb cache/packages.binary/libz3-4_4.8.12-3.1_amd64.deb cache/packages.binary/linux-base_4.12.1~deb12u1_all.deb cache/packages.binary/linux-image-6.1.0-51-amd64_6.1.177-1_amd64.deb cache/packages.binary/linux-image-amd64_6.1.177-1_amd64.deb cache/packages.binary/linux-libc-dev_6.1.177-1_amd64.deb cache/packages.binary/live-boot-initramfs-tools_1%3a20230131+deb12u1_all.deb cache/packages.binary/live-boot_1%3a20230131+deb12u1_all.deb cache/packages.binary/live-config-systemd_11.0.3+nmu1_all.deb cache/packages.binary/live-config_11.0.3+nmu1_all.deb cache/packages.binary/live-tools_1%3a20190831.1_all.deb cache/packages.binary/locales_2.36-9+deb12u14_all.deb cache/packages.binary/ltrace_0.7.3-6.4_amd64.deb cache/packages.binary/lua-luv_1.44.2-0-1_amd64.deb cache/packages.binary/make_4.3-4.1_amd64.deb cache/packages.binary/man-db_2.11.2-2_amd64.deb cache/packages.binary/manpages-dev_6.03-2_all.deb cache/packages.binary/manpages_6.03-2_all.deb cache/packages.binary/mc-data_3%3a4.8.29-2_all.deb cache/packages.binary/mc_3%3a4.8.29-2_amd64.deb cache/packages.binary/media-types_10.0.0_all.deb cache/packages.binary/memtest86+_6.10-4_amd64.deb cache/packages.binary/nasm_2.16.01-1_amd64.deb cache/packages.binary/ncdu_1.18-0.2_amd64.deb cache/packages.binary/neovim-runtime_0.7.2-7_all.deb cache/packages.binary/neovim_0.7.2-7_amd64.deb cache/packages.binary/openssl_3.0.20-1~deb12u2_amd64.deb cache/packages.binary/patch_2.7.6-7_amd64.deb cache/packages.binary/perl-modules-5.36_5.36.0-7+deb12u3_all.deb cache/packages.binary/perl_5.36.0-7+deb12u3_amd64.deb cache/packages.binary/pkg-config_1.8.1-1_amd64.deb cache/packages.binary/pkgconf-bin_1.8.1-1_amd64.deb cache/packages.binary/pkgconf_1.8.1-1_amd64.deb cache/packages.binary/postgresql-client-15_15.18-0+deb12u1_amd64.deb cache/packages.binary/postgresql-client-common_248+deb12u1_all.deb cache/packages.binary/postgresql-client_15+248+deb12u1_all.deb cache/packages.binary/python3-attr_22.2.0-1_all.deb cache/packages.binary/python3-distutils_3.11.2-3_all.deb cache/packages.binary/python3-iniconfig_1.1.1-2_all.deb cache/packages.binary/python3-lib2to3_3.11.2-3_all.deb cache/packages.binary/python3-minimal_3.11.2-1+b1_amd64.deb cache/packages.binary/python3-more-itertools_8.10.0-2_all.deb cache/packages.binary/python3-packaging_23.0-1_all.deb cache/packages.binary/python3-pip-whl_23.0.1+dfsg-1_all.deb cache/packages.binary/python3-pip_23.0.1+dfsg-1_all.deb cache/packages.binary/python3-pkg-resources_66.1.1-1+deb12u2_all.deb cache/packages.binary/python3-pluggy_1.0.0+repack-1_all.deb cache/packages.binary/python3-py_1.11.0-1_all.deb cache/packages.binary/python3-pytest_7.2.1-2_all.deb cache/packages.binary/python3-setuptools-whl_66.1.1-1+deb12u2_all.deb cache/packages.binary/python3-setuptools_66.1.1-1+deb12u2_all.deb cache/packages.binary/python3-venv_3.11.2-1+b1_amd64.deb cache/packages.binary/python3-wheel_0.38.4-2_all.deb cache/packages.binary/python3.11-minimal_3.11.2-6+deb12u8_amd64.deb cache/packages.binary/python3.11-venv_3.11.2-6+deb12u8_amd64.deb cache/packages.binary/python3.11_3.11.2-6+deb12u8_amd64.deb cache/packages.binary/python3_3.11.2-1+b1_amd64.deb cache/packages.binary/ripgrep_13.0.0-4+b2_amd64.deb cache/packages.binary/rpcsvc-proto_1.4.3-1_amd64.deb cache/packages.binary/rsync_3.2.7-1+deb12u6_amd64.deb cache/packages.binary/rustc_1.63.0+dfsg1-2_amd64.deb cache/packages.binary/sqlite3_3.40.1-2+deb12u2_amd64.deb cache/packages.binary/strace_6.1-0.1_amd64.deb cache/packages.binary/sudo_1.9.13p3-1+deb12u4_amd64.deb cache/packages.binary/tex-common_6.18_all.deb cache/packages.binary/texinfo_6.8-6+b1_amd64.deb cache/packages.binary/tmux_3.3a-3_amd64.deb cache/packages.binary/tree_2.1.0-1_amd64.deb cache/packages.binary/ucf_3.0043+nmu1+deb12u1_all.deb cache/packages.binary/valgrind_1%3a3.19.0-1_amd64.deb cache/packages.binary/vim-runtime_2%3a9.0.1378-2+deb12u2_all.deb cache/packages.binary/vim_2%3a9.0.1378-2+deb12u2_amd64.deb cache/packages.binary/w3m_0.5.3+git20230121-2_amd64.deb cache/packages.binary/wget_1.21.3-1+deb12u1_amd64.deb cache/packages.binary/xkb-data_2.35.1-1_all.deb cache/packages.binary/xz-utils_5.4.1-1+deb12u1_amd64.deb chroot/var/cache/apt/archives
+ Install_package
+ [ -n  syslinux syslinux-common librsvg2-bin ]
+ [ true != false ]
+ Chroot chroot apt-get install -o APT::Install-Recommends=false --yes  syslinux syslinux-common librsvg2-bin
+ CHROOT=chroot
+ shift
+ COMMANDS=apt-get install -o APT::Install-Recommends=false --yes  syslinux syslinux-common librsvg2-bin
+ Echo_debug Executing: %s apt-get install -o APT::Install-Recommends=false --yes  syslinux syslinux-common librsvg2-bin
+ [ false = true ]
+ ENV=
+ [ -e config/environment ]
+ [ -e config/environment.chroot ]
+ [ false != true ]
+ chroot chroot /usr/bin/env -i HOME=/root PATH=/usr/local/sbin:/usr/local/bin:/sbin:/bin:/usr/sbin:/usr/bin TERM=xterm-256color DEBIAN_FRONTEND=noninteractive DEBIAN_PRIORITY=critical DEBCONF_NOWARNINGS=yes apt-get install -o APT::Install-Recommends=false --yes syslinux syslinux-common librsvg2-bin
Reading package lists...
Building dependency tree...
The following additional packages will be installed:
  fontconfig fontconfig-config fonts-dejavu-core libbrotli1 libcairo-gobject2
  libcairo2 libdatrie1 libdeflate0 libexpat1 libfontconfig1 libfreetype6
  libfribidi0 libgdk-pixbuf-2.0-0 libgdk-pixbuf2.0-common libglib2.0-0
  libgraphite2-3 libharfbuzz0b libicu72 libjbig0 libjpeg62-turbo liblerc4
  libpango-1.0-0 libpangocairo-1.0-0 libpangoft2-1.0-0 libpixman-1-0
  libpng16-16 librsvg2-2 libthai-data libthai0 libtiff6 libwebp7 libx11-6
  libx11-data libxau6 libxcb-render0 libxcb-shm0 libxcb1 libxdmcp6 libxext6
  libxml2 libxrender1 mtools shared-mime-info
Suggested packages:
  low-memory-monitor floppyd dosfstools
Recommended packages:
  libgdk-pixbuf2.0-bin libglib2.0-data xdg-user-dirs librsvg2-common
The following NEW packages will be installed:
  fontconfig fontconfig-config fonts-dejavu-core libbrotli1 libcairo-gobject2
  libcairo2 libdatrie1 libdeflate0 libexpat1 libfontconfig1 libfreetype6
  libfribidi0 libgdk-pixbuf-2.0-0 libgdk-pixbuf2.0-common libglib2.0-0
  libgraphite2-3 libharfbuzz0b libicu72 libjbig0 libjpeg62-turbo liblerc4
  libpango-1.0-0 libpangocairo-1.0-0 libpangoft2-1.0-0 libpixman-1-0
  libpng16-16 librsvg2-2 librsvg2-bin libthai-data libthai0 libtiff6 libwebp7
  libx11-6 libx11-data libxau6 libxcb-render0 libxcb-shm0 libxcb1 libxdmcp6
  libxext6 libxml2 libxrender1 mtools shared-mime-info syslinux
  syslinux-common
0 upgraded, 46 newly installed, 0 to remove and 0 not upgraded.
Need to get 16.4 MB/28.2 MB of archives.
After this operation, 94.2 MB of additional disk space will be used.
Get:1 http://ftp.debian.org/debian bookworm/main amd64 libpng16-16 amd64 1.6.39-2+deb12u5 [277 kB]
Get:2 http://ftp.debian.org/debian bookworm/main amd64 libfreetype6 amd64 2.12.1+dfsg-5+deb12u4 [398 kB]
Get:3 http://ftp.debian.org/debian bookworm/main amd64 fonts-dejavu-core all 2.37-6 [1068 kB]
Get:4 http://ftp.debian.org/debian bookworm/main amd64 fontconfig-config amd64 2.14.1-4 [315 kB]
Get:5 http://ftp.debian.org/debian bookworm/main amd64 libfontconfig1 amd64 2.14.1-4 [386 kB]
Get:6 http://ftp.debian.org/debian bookworm/main amd64 fontconfig amd64 2.14.1-4 [449 kB]
Get:7 http://ftp.debian.org/debian bookworm/main amd64 libpixman-1-0 amd64 0.42.2-1 [546 kB]
Get:8 http://ftp.debian.org/debian bookworm/main amd64 libxau6 amd64 1:1.0.9-1 [19.7 kB]
Get:9 http://ftp.debian.org/debian bookworm/main amd64 libxdmcp6 amd64 1:1.1.2-3 [26.3 kB]
Get:10 http://ftp.debian.org/debian bookworm/main amd64 libxcb1 amd64 1.15-1 [144 kB]
Get:11 http://ftp.debian.org/debian bookworm/main amd64 libx11-data all 2:1.8.4-2+deb12u2 [292 kB]
Get:12 http://ftp.debian.org/debian bookworm/main amd64 libx11-6 amd64 2:1.8.4-2+deb12u2 [760 kB]
Get:13 http://ftp.debian.org/debian bookworm/main amd64 libxcb-render0 amd64 1.15-1 [115 kB]
Get:14 http://ftp.debian.org/debian bookworm/main amd64 libxcb-shm0 amd64 1.15-1 [105 kB]
Get:15 http://ftp.debian.org/debian bookworm/main amd64 libxext6 amd64 2:1.3.4-1+b1 [52.9 kB]
Get:16 http://ftp.debian.org/debian bookworm/main amd64 libxrender1 amd64 1:0.9.10-1.1 [33.2 kB]
Get:17 http://ftp.debian.org/debian bookworm/main amd64 libcairo2 amd64 1.16.0-7 [575 kB]
Get:18 http://ftp.debian.org/debian bookworm/main amd64 libcairo-gobject2 amd64 1.16.0-7 [112 kB]
Get:19 http://ftp.debian.org/debian bookworm/main amd64 libdatrie1 amd64 0.2.13-2+b1 [43.3 kB]
Get:20 http://ftp.debian.org/debian bookworm/main amd64 libdeflate0 amd64 1.14-1 [61.4 kB]
Get:21 http://ftp.debian.org/debian bookworm/main amd64 libfribidi0 amd64 1.0.8-2.1 [65.0 kB]
Get:22 http://ftp.debian.org/debian bookworm/main amd64 libgdk-pixbuf2.0-common all 2.42.10+dfsg-1+deb12u4 [307 kB]
Get:23 http://ftp.debian.org/debian bookworm/main amd64 shared-mime-info amd64 2.2-1 [729 kB]
Get:24 http://ftp.debian.org/debian bookworm/main amd64 libjpeg62-turbo amd64 1:2.1.5-2 [166 kB]
Get:25 http://ftp.debian.org/debian bookworm/main amd64 libjbig0 amd64 2.1-6.1 [31.7 kB]
Get:26 http://ftp.debian.org/debian bookworm/main amd64 liblerc4 amd64 4.0.0+ds-2 [170 kB]
Get:27 http://ftp.debian.org/debian bookworm/main amd64 libwebp7 amd64 1.2.4-0.2+deb12u1 [286 kB]
Get:28 http://ftp.debian.org/debian bookworm/main amd64 libtiff6 amd64 4.5.0-6+deb12u4 [316 kB]
Get:29 http://ftp.debian.org/debian bookworm/main amd64 libgdk-pixbuf-2.0-0 amd64 2.42.10+dfsg-1+deb12u4 [139 kB]
Get:30 http://ftp.debian.org/debian bookworm/main amd64 libgraphite2-3 amd64 1.3.14-1+deb12u1 [74.6 kB]
Get:31 http://ftp.debian.org/debian bookworm/main amd64 libharfbuzz0b amd64 6.0.0+dfsg-3 [1945 kB]
Get:32 http://ftp.debian.org/debian bookworm/main amd64 libthai-data all 0.1.29-1 [176 kB]
Get:33 http://ftp.debian.org/debian bookworm/main amd64 libthai0 amd64 0.1.29-1 [57.5 kB]
Get:34 http://ftp.debian.org/debian bookworm/main amd64 libpango-1.0-0 amd64 1.50.12+ds-1 [212 kB]
Get:35 http://ftp.debian.org/debian bookworm/main amd64 libpangoft2-1.0-0 amd64 1.50.12+ds-1 [47.4 kB]
Get:36 http://ftp.debian.org/debian bookworm/main amd64 libpangocairo-1.0-0 amd64 1.50.12+ds-1 [34.2 kB]
Get:37 http://ftp.debian.org/debian bookworm/main amd64 librsvg2-2 amd64 2.54.7+dfsg-1~deb12u1 [2620 kB]
Get:38 http://ftp.debian.org/debian bookworm/main amd64 librsvg2-bin amd64 2.54.7+dfsg-1~deb12u1 [1584 kB]
Get:39 http://ftp.debian.org/debian bookworm/main amd64 mtools amd64 4.0.33-1+really4.0.32-1 [202 kB]
Get:40 http://ftp.debian.org/debian bookworm/main amd64 syslinux amd64 3:6.04~git20190206.bf6db5b4+dfsg1-3+b1 [203 kB]
Get:41 http://ftp.debian.org/debian bookworm/main amd64 syslinux-common all 3:6.04~git20190206.bf6db5b4+dfsg1-3 [1238 kB]
Preconfiguring packages ...
Fetched 16.4 MB in 4s (4183 kB/s)
dpkg: warning: 'start-stop-daemon' not found in PATH or not executable
dpkg: error: 1 expected program not found in PATH or not executable
Note: root's PATH should usually contain /usr/local/sbin, /usr/sbin and /sbin
E: Sub-process /usr/bin/dpkg returned an error code (2)
+ ret=100
+ rm -f .lock
+ exit 100
P: Begin unmounting filesystems...
P: Saving caches...
Reading package lists...
Building dependency tree...
Reading state information...
